<?xml version="1.0" encoding="UTF-8"?>
<!-- Generated by org.testng.reporters.JUnitReportReporter -->
<testsuite hostname="DESKTOP-T5AR5GF" failures="0" tests="1" name="Academy.ValidateNavBar" time="0.107" errors="0" timestamp="2021-12-04T13:04:57 IST" skipped="0">
  <testcase classname="Academy.ValidateNavBar" name="basePageNavigation" time="0.107"/>
  <system-out/>
</testsuite> <!-- Academy.ValidateNavBar -->
